Symbol range map extraction starting
Processing 10 files
startProcessing "trueForce\polearms\EventHandler.java" md5: 7ef3b79b910f7d20bb178ce456987d6e
endProcessing "trueForce\polearms\EventHandler.java"

startProcessing "trueForce\polearms\Polearms.java" md5: 0c9ca3fc83ba0bd9d6d419202a4b64a1
endProcessing "trueForce\polearms\Polearms.java"

startProcessing "trueForce\polearms\handlers\RegistrationHandler.java" md5: 3f7d29691182b4f77feda733ca529bdd
endProcessing "trueForce\polearms\handlers\RegistrationHandler.java"

startProcessing "trueForce\polearms\item\IExtendedReach.java" md5: 49e00958d36e0134f3594df32e1c86e5
endProcessing "trueForce\polearms\item\IExtendedReach.java"

startProcessing "trueForce\polearms\item\ModItems.java" md5: e5b628c93f7fabfb341731c91124e25d
endProcessing "trueForce\polearms\item\ModItems.java"

startProcessing "trueForce\polearms\item\Pole.java" md5: e991fd7cfbb0a55a9557347b15ca3a20
endProcessing "trueForce\polearms\item\Pole.java"

startProcessing "trueForce\polearms\item\Spear.java" md5: 686fd2c9a242b58c30bf2932fbdfb402
endProcessing "trueForce\polearms\item\Spear.java"

startProcessing "trueForce\polearms\network\MessageExtendedReachAttack.java" md5: f18a99df35eaffaeb6fd99d8c6bddfcd
endProcessing "trueForce\polearms\network\MessageExtendedReachAttack.java"

startProcessing "trueForce\polearms\proxy\ClientProxy.java" md5: da93ae0c2e07a77274f80e77f176995d
endProcessing "trueForce\polearms\proxy\ClientProxy.java"

startProcessing "trueForce\polearms\proxy\CommonProxy.java" md5: ef879b862b0d52bef60393c45765366b
endProcessing "trueForce\polearms\proxy\CommonProxy.java"

